<?xml version="1.0" encoding="UTF-8"?>
<!-- Generated by org.testng.reporters.JUnitXMLReporter -->
<testsuite ignored="0" hostname="DESKTOP" failures="0" tests="10" name="Default test" time="134.659" errors="0" timestamp="2023-06-20T13:57:16 IST">
  <testcase classname="test.LoginPageTest" name="testLoginPageTitle" time="0.202"/>
  <testcase classname="test.LoginPageTest" name="testLoginPageLogo" time="0.883"/>
  <testcase classname="test.LoginPageTest" name="testLoginWithValidCreditals" time="3.151"/>
  <testcase classname="test.LoginPageTest" name="testLoginValidCreditalsWithCheckbox" time="1.947"/>
  <testcase classname="test.LoginPageTest" name="testLoginWithoutCreditals" time="0.252"/>
  <testcase classname="test.LoginPageTest" name="testLoginWithOnlyUsername" time="0.61"/>
  <testcase classname="test.LoginPageTest" name="testLoginWithOnlyPassword" time="0.823"/>
  <testcase classname="test.LoginPageTest" name="testDisplayTwitterImg" time="0.179"/>
  <testcase classname="test.LoginPageTest" name="testDisplayFacebookImg" time="0.211"/>
  <testcase classname="test.LoginPageTest" name="TestDisplaylinkedinImg" time="0.178"/>
</testsuite> <!-- Default test -->
