<?xml version="1.0" encoding="UTF-8"?>
<!-- Generated by org.testng.reporters.JUnitXMLReporter -->
<testsuite ignored="9" hostname="DESKTOP" failures="0" tests="1" name="Default test" time="9.772" errors="0" timestamp="2023-06-19T16:47:25 IST">
  <testcase classname="test.LoginPageTest" name="testLoginPageLogo" time="0.189"/>
  <testcase classname="test.LoginPageTest" name="testDisplayTwitterImg" time="0.0">
    <ignored/>
  </testcase> <!-- testDisplayTwitterImg -->
  <testcase classname="test.LoginPageTest" name="testLoginWithOnlyPassword" time="0.0">
    <ignored/>
  </testcase> <!-- testLoginWithOnlyPassword -->
  <testcase classname="test.LoginPageTest" name="testLoginPageTitle" time="0.0">
    <ignored/>
  </testcase> <!-- testLoginPageTitle -->
  <testcase classname="test.LoginPageTest" name="testLoginWithValidCreditals" time="0.0">
    <ignored/>
  </testcase> <!-- testLoginWithValidCreditals -->
  <testcase classname="test.LoginPageTest" name="testDisplayFacebookImg" time="0.0">
    <ignored/>
  </testcase> <!-- testDisplayFacebookImg -->
  <testcase classname="test.LoginPageTest" name="testLoginWithOnlyUsername" time="0.0">
    <ignored/>
  </testcase> <!-- testLoginWithOnlyUsername -->
  <testcase classname="test.LoginPageTest" name="TestDisplaylinkedinImg" time="0.0">
    <ignored/>
  </testcase> <!-- TestDisplaylinkedinImg -->
  <testcase classname="test.LoginPageTest" name="testLoginWithoutCreditals" time="0.0">
    <ignored/>
  </testcase> <!-- testLoginWithoutCreditals -->
  <testcase classname="test.LoginPageTest" name="testLoginValidCreditalsWithCheckbox" time="0.0">
    <ignored/>
  </testcase> <!-- testLoginValidCreditalsWithCheckbox -->
</testsuite> <!-- Default test -->
