<?xml version="1.0" encoding="UTF-8"?>
<!-- Generated by org.testng.reporters.JUnitXMLReporter -->
<testsuite ignored="0" hostname="DESKTOP" failures="0" tests="16" name="Test" time="144.544" errors="0" timestamp="2023-06-19T14:56:10 IST">
  <testcase classname="test.HomePageTest" name="testHomePagelogo" time="0.159"/>
  <testcase classname="test.HomePageTest" name="verifyHomePageTitleTest" time="0.024"/>
  <testcase classname="test.HomePageTest" name="testUserNameText" time="0.246"/>
  <testcase classname="test.HomePageTest" name="testTransactionsTable" time="0.285"/>
  <testcase classname="test.HomePageTest" name="AmountColValueTest" time="0.663"/>
  <testcase classname="test.HomePageTest" name="sortAmtColValueTest" time="1.262"/>
  <testcase classname="test.LoginPageTest" name="TestDisplaylinkedinImg" time="0.097"/>
  <testcase classname="test.LoginPageTest" name="testDisplayFacebookImg" time="0.169"/>
  <testcase classname="test.LoginPageTest" name="testDisplayTwitterImg" time="0.098"/>
  <testcase classname="test.LoginPageTest" name="testLoginPageTitle" time="0.034"/>
  <testcase classname="test.LoginPageTest" name="testLoginValidCreditalsWithCheckbox" time="3.624"/>
  <testcase classname="test.LoginPageTest" name="testLoginWithOnlyPassword" time="0.275"/>
  <testcase classname="test.LoginPageTest" name="testLoginWithOnlyUsername" time="0.248"/>
  <testcase classname="test.LoginPageTest" name="testLoginWithoutCreditals" time="0.112"/>
  <testcase classname="test.LoginPageTest" name="testLoginPageLogo" time="0.067"/>
  <testcase classname="test.LoginPageTest" name="testLoginWithValidCreditals" time="1.712"/>
</testsuite> <!-- Test -->
