<?xml version="1.0" encoding="UTF-8"?>
<!-- Generated by org.testng.reporters.JUnitXMLReporter -->
<testsuite ignored="0" hostname="DESKTOP" failures="0" tests="16" name="Para Bank Test Cases" time="82.738" errors="0" timestamp="2023-06-19T17:24:31 IST">
  <testcase classname="test.LoginPageTest" name="TestDisplaylinkedinImg" time="0.214"/>
  <testcase classname="test.LoginPageTest" name="testDisplayFacebookImg" time="0.207"/>
  <testcase classname="test.LoginPageTest" name="testDisplayTwitterImg" time="0.095"/>
  <testcase classname="test.HomePageTest" name="testHomePagelogo" time="0.089"/>
  <testcase classname="test.LoginPageTest" name="testLoginPageTitle" time="0.023"/>
  <testcase classname="test.LoginPageTest" name="testLoginValidCreditalsWithCheckbox" time="0.812"/>
  <testcase classname="test.LoginPageTest" name="testLoginWithOnlyPassword" time="0.297"/>
  <testcase classname="test.LoginPageTest" name="testLoginWithOnlyUsername" time="0.256"/>
  <testcase classname="test.LoginPageTest" name="testLoginWithoutCreditals" time="0.171"/>
  <testcase classname="test.LoginPageTest" name="testLoginPageLogo" time="0.112"/>
  <testcase classname="test.HomePageTest" name="verifyHomePageTitleTest" time="0.024"/>
  <testcase classname="test.LoginPageTest" name="testLoginWithValidCreditals" time="0.828"/>
  <testcase classname="test.HomePageTest" name="testUserNameText" time="0.086"/>
  <testcase classname="test.HomePageTest" name="testTransactionsTable" time="0.096"/>
  <testcase classname="test.HomePageTest" name="AmountColValueTest" time="0.536"/>
  <testcase classname="test.HomePageTest" name="sortAmtColValueTest" time="1.141"/>
</testsuite> <!-- Para Bank Test Cases -->
