<?xml version="1.0" encoding="UTF-8"?>
<!-- Generated by org.testng.reporters.JUnitXMLReporter -->
<testsuite ignored="0" hostname="DESKTOP" failures="0" tests="16" name="Para Bank Test Cases" time="88.598" errors="0" timestamp="2023-06-19T16:38:59 IST">
  <testcase classname="test.HomePageTest" name="testHomePagelogo" time="0.1"/>
  <testcase classname="test.HomePageTest" name="verifyHomePageTitleTest" time="0.029"/>
  <testcase classname="test.HomePageTest" name="testUserNameText" time="0.111"/>
  <testcase classname="test.HomePageTest" name="testTransactionsTable" time="0.107"/>
  <testcase classname="test.HomePageTest" name="AmountColValueTest" time="0.381"/>
  <testcase classname="test.HomePageTest" name="sortAmtColValueTest" time="1.416"/>
  <testcase classname="test.LoginPageTest" name="TestDisplaylinkedinImg" time="0.115"/>
  <testcase classname="test.LoginPageTest" name="testDisplayFacebookImg" time="0.075"/>
  <testcase classname="test.LoginPageTest" name="testDisplayTwitterImg" time="0.201"/>
  <testcase classname="test.LoginPageTest" name="testLoginPageTitle" time="0.034"/>
  <testcase classname="test.LoginPageTest" name="testLoginValidCreditalsWithCheckbox" time="0.889"/>
  <testcase classname="test.LoginPageTest" name="testLoginWithOnlyPassword" time="0.271"/>
  <testcase classname="test.LoginPageTest" name="testLoginWithOnlyUsername" time="0.25"/>
  <testcase classname="test.LoginPageTest" name="testLoginWithoutCreditals" time="0.134"/>
  <testcase classname="test.LoginPageTest" name="testLoginPageLogo" time="0.122"/>
  <testcase classname="test.LoginPageTest" name="testLoginWithValidCreditals" time="0.75"/>
</testsuite> <!-- Para Bank Test Cases -->
