<?xml version="1.0" encoding="UTF-8"?>
<!-- Generated by org.testng.reporters.JUnitXMLReporter -->
<testsuite ignored="0" hostname="DESKTOP" failures="0" tests="16" name="Test Cases" time="191.51" errors="0" timestamp="2023-06-20T14:05:02 IST">
  <testcase classname="test.HomePageTest" name="testHomePagelogo" time="0.347"/>
  <testcase classname="test.HomePageTest" name="verifyHomePageTitleTest" time="0.043"/>
  <testcase classname="test.HomePageTest" name="testUserNameText" time="0.193"/>
  <testcase classname="test.HomePageTest" name="testTransactionsTable" time="0.312"/>
  <testcase classname="test.HomePageTest" name="AmountColValueTest" time="1.083"/>
  <testcase classname="test.HomePageTest" name="sortAmtColValueTest" time="2.237"/>
  <testcase classname="test.LoginPageTest" name="testLoginPageTitle" time="0.077"/>
  <testcase classname="test.LoginPageTest" name="testLoginPageLogo" time="0.122"/>
  <testcase classname="test.LoginPageTest" name="testLoginWithValidCreditals" time="1.508"/>
  <testcase classname="test.LoginPageTest" name="testLoginValidCreditalsWithCheckbox" time="3.512"/>
  <testcase classname="test.LoginPageTest" name="testLoginWithoutCreditals" time="0.665"/>
  <testcase classname="test.LoginPageTest" name="testLoginWithOnlyUsername" time="0.688"/>
  <testcase classname="test.LoginPageTest" name="testLoginWithOnlyPassword" time="0.656"/>
  <testcase classname="test.LoginPageTest" name="testDisplayTwitterImg" time="0.359"/>
  <testcase classname="test.LoginPageTest" name="testDisplayFacebookImg" time="0.278"/>
  <testcase classname="test.LoginPageTest" name="TestDisplaylinkedinImg" time="0.352"/>
</testsuite> <!-- Test Cases -->
