<?xml version="1.0" encoding="UTF-8"?>
<testng-results ignored="0" total="16" passed="16" failed="0" skipped="0">
  <reporter-output>
  </reporter-output>
  <suite started-at="2023-06-19T17:23:08 IST" name="Wingify Application Automation Assignment Test Suite" finished-at="2023-06-19T17:24:31 IST" duration-ms="82738">
    <groups>
    </groups>
    <test started-at="2023-06-19T17:23:08 IST" name="Para Bank Test Cases" finished-at="2023-06-19T17:24:31 IST" duration-ms="82738">
      <class name="test.HomePageTest">
        <test-method is-config="true" signature="SetUp()[pri:0, instance:test.HomePageTest@515aebb0]" started-at="2023-06-19T17:23:29 IST" name="SetUp" finished-at="2023-06-19T17:23:34 IST" duration-ms="4805" status="PASS">
          <reporter-output>
          </reporter-output>
        </test-method> <!-- SetUp -->
        <test-method signature="testHomePagelogo()[pri:0, instance:test.HomePageTest@515aebb0]" started-at="2023-06-19T17:23:34 IST" name="testHomePagelogo" finished-at="2023-06-19T17:23:34 IST" duration-ms="89" status="PASS">
          <reporter-output>
          </reporter-output>
        </test-method> <!-- testHomePagelogo -->
        <test-method is-config="true" signature="tearDown()[pri:0, instance:test.HomePageTest@515aebb0]" started-at="2023-06-19T17:23:34 IST" name="tearDown" finished-at="2023-06-19T17:23:34 IST" duration-ms="458" status="PASS">
          <reporter-output>
          </reporter-output>
        </test-method> <!-- tearDown -->
        <test-method is-config="true" signature="SetUp()[pri:0, instance:test.HomePageTest@515aebb0]" started-at="2023-06-19T17:23:58 IST" name="SetUp" finished-at="2023-06-19T17:24:02 IST" duration-ms="3949" status="PASS">
          <reporter-output>
          </reporter-output>
        </test-method> <!-- SetUp -->
        <test-method signature="verifyHomePageTitleTest()[pri:1, instance:test.HomePageTest@515aebb0]" started-at="2023-06-19T17:24:02 IST" name="verifyHomePageTitleTest" finished-at="2023-06-19T17:24:02 IST" duration-ms="24" status="PASS">
          <reporter-output>
          </reporter-output>
        </test-method> <!-- verifyHomePageTitleTest -->
        <test-method is-config="true" signature="tearDown()[pri:0, instance:test.HomePageTest@515aebb0]" started-at="2023-06-19T17:24:02 IST" name="tearDown" finished-at="2023-06-19T17:24:03 IST" duration-ms="475" status="PASS">
          <reporter-output>
          </reporter-output>
        </test-method> <!-- tearDown -->
        <test-method is-config="true" signature="SetUp()[pri:0, instance:test.HomePageTest@515aebb0]" started-at="2023-06-19T17:24:07 IST" name="SetUp" finished-at="2023-06-19T17:24:11 IST" duration-ms="4035" status="PASS">
          <reporter-output>
          </reporter-output>
        </test-method> <!-- SetUp -->
        <test-method signature="testUserNameText()[pri:2, instance:test.HomePageTest@515aebb0]" started-at="2023-06-19T17:24:11 IST" name="testUserNameText" finished-at="2023-06-19T17:24:12 IST" duration-ms="86" status="PASS">
          <reporter-output>
          </reporter-output>
        </test-method> <!-- testUserNameText -->
        <test-method is-config="true" signature="tearDown()[pri:0, instance:test.HomePageTest@515aebb0]" started-at="2023-06-19T17:24:12 IST" name="tearDown" finished-at="2023-06-19T17:24:12 IST" duration-ms="471" status="PASS">
          <reporter-output>
          </reporter-output>
        </test-method> <!-- tearDown -->
        <test-method is-config="true" signature="SetUp()[pri:0, instance:test.HomePageTest@515aebb0]" started-at="2023-06-19T17:24:12 IST" name="SetUp" finished-at="2023-06-19T17:24:16 IST" duration-ms="4096" status="PASS">
          <reporter-output>
          </reporter-output>
        </test-method> <!-- SetUp -->
        <test-method signature="testTransactionsTable()[pri:3, instance:test.HomePageTest@515aebb0]" started-at="2023-06-19T17:24:16 IST" name="testTransactionsTable" finished-at="2023-06-19T17:24:16 IST" duration-ms="96" status="PASS">
          <reporter-output>
          </reporter-output>
        </test-method> <!-- testTransactionsTable -->
        <test-method is-config="true" signature="tearDown()[pri:0, instance:test.HomePageTest@515aebb0]" started-at="2023-06-19T17:24:16 IST" name="tearDown" finished-at="2023-06-19T17:24:17 IST" duration-ms="552" status="PASS">
          <reporter-output>
          </reporter-output>
        </test-method> <!-- tearDown -->
        <test-method is-config="true" signature="SetUp()[pri:0, instance:test.HomePageTest@515aebb0]" started-at="2023-06-19T17:24:17 IST" name="SetUp" finished-at="2023-06-19T17:24:24 IST" duration-ms="6840" status="PASS">
          <reporter-output>
          </reporter-output>
        </test-method> <!-- SetUp -->
        <test-method signature="AmountColValueTest()[pri:4, instance:test.HomePageTest@515aebb0]" started-at="2023-06-19T17:24:24 IST" name="AmountColValueTest" finished-at="2023-06-19T17:24:24 IST" duration-ms="536" status="PASS">
          <reporter-output>
          </reporter-output>
        </test-method> <!-- AmountColValueTest -->
        <test-method is-config="true" signature="tearDown()[pri:0, instance:test.HomePageTest@515aebb0]" started-at="2023-06-19T17:24:24 IST" name="tearDown" finished-at="2023-06-19T17:24:25 IST" duration-ms="508" status="PASS">
          <reporter-output>
          </reporter-output>
        </test-method> <!-- tearDown -->
        <test-method is-config="true" signature="SetUp()[pri:0, instance:test.HomePageTest@515aebb0]" started-at="2023-06-19T17:24:25 IST" name="SetUp" finished-at="2023-06-19T17:24:29 IST" duration-ms="4377" status="PASS">
          <reporter-output>
          </reporter-output>
        </test-method> <!-- SetUp -->
        <test-method signature="sortAmtColValueTest()[pri:5, instance:test.HomePageTest@515aebb0]" started-at="2023-06-19T17:24:29 IST" name="sortAmtColValueTest" finished-at="2023-06-19T17:24:30 IST" duration-ms="1141" status="PASS">
          <reporter-output>
          </reporter-output>
        </test-method> <!-- sortAmtColValueTest -->
        <test-method is-config="true" signature="tearDown()[pri:0, instance:test.HomePageTest@515aebb0]" started-at="2023-06-19T17:24:30 IST" name="tearDown" finished-at="2023-06-19T17:24:31 IST" duration-ms="337" status="PASS">
          <reporter-output>
          </reporter-output>
        </test-method> <!-- tearDown -->
      </class> <!-- test.HomePageTest -->
      <class name="test.LoginPageTest">
        <test-method is-config="true" signature="Setup()[pri:0, instance:test.LoginPageTest@1283bb96]" started-at="2023-06-19T17:23:09 IST" name="Setup" finished-at="2023-06-19T17:23:19 IST" duration-ms="10815" status="PASS">
          <reporter-output>
          </reporter-output>
        </test-method> <!-- Setup -->
        <test-method signature="TestDisplaylinkedinImg()[pri:0, instance:test.LoginPageTest@1283bb96]" started-at="2023-06-19T17:23:19 IST" name="TestDisplaylinkedinImg" finished-at="2023-06-19T17:23:20 IST" duration-ms="214" status="PASS">
          <reporter-output>
          </reporter-output>
        </test-method> <!-- TestDisplaylinkedinImg -->
        <test-method is-config="true" signature="tearDown()[pri:0, instance:test.LoginPageTest@1283bb96]" started-at="2023-06-19T17:23:20 IST" name="tearDown" finished-at="2023-06-19T17:23:20 IST" duration-ms="688" status="PASS">
          <reporter-output>
          </reporter-output>
        </test-method> <!-- tearDown -->
        <test-method is-config="true" signature="Setup()[pri:0, instance:test.LoginPageTest@1283bb96]" started-at="2023-06-19T17:23:20 IST" name="Setup" finished-at="2023-06-19T17:23:24 IST" duration-ms="4020" status="PASS">
          <reporter-output>
          </reporter-output>
        </test-method> <!-- Setup -->
        <test-method signature="testDisplayFacebookImg()[pri:0, instance:test.LoginPageTest@1283bb96]" started-at="2023-06-19T17:23:24 IST" name="testDisplayFacebookImg" finished-at="2023-06-19T17:23:25 IST" duration-ms="207" status="PASS">
          <reporter-output>
          </reporter-output>
        </test-method> <!-- testDisplayFacebookImg -->
        <test-method is-config="true" signature="tearDown()[pri:0, instance:test.LoginPageTest@1283bb96]" started-at="2023-06-19T17:23:25 IST" name="tearDown" finished-at="2023-06-19T17:23:25 IST" duration-ms="519" status="PASS">
          <reporter-output>
          </reporter-output>
        </test-method> <!-- tearDown -->
        <test-method is-config="true" signature="Setup()[pri:0, instance:test.LoginPageTest@1283bb96]" started-at="2023-06-19T17:23:25 IST" name="Setup" finished-at="2023-06-19T17:23:29 IST" duration-ms="3397" status="PASS">
          <reporter-output>
          </reporter-output>
        </test-method> <!-- Setup -->
        <test-method signature="testDisplayTwitterImg()[pri:0, instance:test.LoginPageTest@1283bb96]" started-at="2023-06-19T17:23:29 IST" name="testDisplayTwitterImg" finished-at="2023-06-19T17:23:29 IST" duration-ms="95" status="PASS">
          <reporter-output>
          </reporter-output>
        </test-method> <!-- testDisplayTwitterImg -->
        <test-method is-config="true" signature="tearDown()[pri:0, instance:test.LoginPageTest@1283bb96]" started-at="2023-06-19T17:23:29 IST" name="tearDown" finished-at="2023-06-19T17:23:29 IST" duration-ms="470" status="PASS">
          <reporter-output>
          </reporter-output>
        </test-method> <!-- tearDown -->
        <test-method is-config="true" signature="Setup()[pri:0, instance:test.LoginPageTest@1283bb96]" started-at="2023-06-19T17:23:34 IST" name="Setup" finished-at="2023-06-19T17:23:38 IST" duration-ms="3231" status="PASS">
          <reporter-output>
          </reporter-output>
        </test-method> <!-- Setup -->
        <test-method signature="testLoginPageTitle()[pri:0, instance:test.LoginPageTest@1283bb96]" started-at="2023-06-19T17:23:38 IST" name="testLoginPageTitle" finished-at="2023-06-19T17:23:38 IST" duration-ms="23" status="PASS">
          <reporter-output>
          </reporter-output>
        </test-method> <!-- testLoginPageTitle -->
        <test-method is-config="true" signature="tearDown()[pri:0, instance:test.LoginPageTest@1283bb96]" started-at="2023-06-19T17:23:38 IST" name="tearDown" finished-at="2023-06-19T17:23:38 IST" duration-ms="475" status="PASS">
          <reporter-output>
          </reporter-output>
        </test-method> <!-- tearDown -->
        <test-method is-config="true" signature="Setup()[pri:0, instance:test.LoginPageTest@1283bb96]" started-at="2023-06-19T17:23:38 IST" name="Setup" finished-at="2023-06-19T17:23:41 IST" duration-ms="3214" status="PASS">
          <reporter-output>
          </reporter-output>
        </test-method> <!-- Setup -->
        <test-method signature="testLoginValidCreditalsWithCheckbox()[pri:0, instance:test.LoginPageTest@1283bb96]" started-at="2023-06-19T17:23:41 IST" name="testLoginValidCreditalsWithCheckbox" finished-at="2023-06-19T17:23:42 IST" duration-ms="812" status="PASS">
          <reporter-output>
          </reporter-output>
        </test-method> <!-- testLoginValidCreditalsWithCheckbox -->
        <test-method is-config="true" signature="tearDown()[pri:0, instance:test.LoginPageTest@1283bb96]" started-at="2023-06-19T17:23:42 IST" name="tearDown" finished-at="2023-06-19T17:23:43 IST" duration-ms="482" status="PASS">
          <reporter-output>
          </reporter-output>
        </test-method> <!-- tearDown -->
        <test-method is-config="true" signature="Setup()[pri:0, instance:test.LoginPageTest@1283bb96]" started-at="2023-06-19T17:23:43 IST" name="Setup" finished-at="2023-06-19T17:23:46 IST" duration-ms="3091" status="PASS">
          <reporter-output>
          </reporter-output>
        </test-method> <!-- Setup -->
        <test-method signature="testLoginWithOnlyPassword()[pri:0, instance:test.LoginPageTest@1283bb96]" started-at="2023-06-19T17:23:46 IST" name="testLoginWithOnlyPassword" finished-at="2023-06-19T17:23:46 IST" duration-ms="297" status="PASS">
          <reporter-output>
          </reporter-output>
        </test-method> <!-- testLoginWithOnlyPassword -->
        <test-method is-config="true" signature="tearDown()[pri:0, instance:test.LoginPageTest@1283bb96]" started-at="2023-06-19T17:23:46 IST" name="tearDown" finished-at="2023-06-19T17:23:47 IST" duration-ms="445" status="PASS">
          <reporter-output>
          </reporter-output>
        </test-method> <!-- tearDown -->
        <test-method is-config="true" signature="Setup()[pri:0, instance:test.LoginPageTest@1283bb96]" started-at="2023-06-19T17:23:47 IST" name="Setup" finished-at="2023-06-19T17:23:50 IST" duration-ms="3250" status="PASS">
          <reporter-output>
          </reporter-output>
        </test-method> <!-- Setup -->
        <test-method signature="testLoginWithOnlyUsername()[pri:0, instance:test.LoginPageTest@1283bb96]" started-at="2023-06-19T17:23:50 IST" name="testLoginWithOnlyUsername" finished-at="2023-06-19T17:23:50 IST" duration-ms="256" status="PASS">
          <reporter-output>
          </reporter-output>
        </test-method> <!-- testLoginWithOnlyUsername -->
        <test-method is-config="true" signature="tearDown()[pri:0, instance:test.LoginPageTest@1283bb96]" started-at="2023-06-19T17:23:50 IST" name="tearDown" finished-at="2023-06-19T17:23:51 IST" duration-ms="474" status="PASS">
          <reporter-output>
          </reporter-output>
        </test-method> <!-- tearDown -->
        <test-method is-config="true" signature="Setup()[pri:0, instance:test.LoginPageTest@1283bb96]" started-at="2023-06-19T17:23:51 IST" name="Setup" finished-at="2023-06-19T17:23:54 IST" duration-ms="3161" status="PASS">
          <reporter-output>
          </reporter-output>
        </test-method> <!-- Setup -->
        <test-method signature="testLoginWithoutCreditals()[pri:0, instance:test.LoginPageTest@1283bb96]" started-at="2023-06-19T17:23:54 IST" name="testLoginWithoutCreditals" finished-at="2023-06-19T17:23:54 IST" duration-ms="171" status="PASS">
          <reporter-output>
          </reporter-output>
        </test-method> <!-- testLoginWithoutCreditals -->
        <test-method is-config="true" signature="tearDown()[pri:0, instance:test.LoginPageTest@1283bb96]" started-at="2023-06-19T17:23:54 IST" name="tearDown" finished-at="2023-06-19T17:23:54 IST" duration-ms="486" status="PASS">
          <reporter-output>
          </reporter-output>
        </test-method> <!-- tearDown -->
        <test-method is-config="true" signature="Setup()[pri:0, instance:test.LoginPageTest@1283bb96]" started-at="2023-06-19T17:23:54 IST" name="Setup" finished-at="2023-06-19T17:23:58 IST" duration-ms="3407" status="PASS">
          <reporter-output>
          </reporter-output>
        </test-method> <!-- Setup -->
        <test-method signature="testLoginPageLogo()[pri:1, instance:test.LoginPageTest@1283bb96]" started-at="2023-06-19T17:23:58 IST" name="testLoginPageLogo" finished-at="2023-06-19T17:23:58 IST" duration-ms="112" status="PASS">
          <reporter-output>
          </reporter-output>
        </test-method> <!-- testLoginPageLogo -->
        <test-method is-config="true" signature="tearDown()[pri:0, instance:test.LoginPageTest@1283bb96]" started-at="2023-06-19T17:23:58 IST" name="tearDown" finished-at="2023-06-19T17:23:58 IST" duration-ms="522" status="PASS">
          <reporter-output>
          </reporter-output>
        </test-method> <!-- tearDown -->
        <test-method is-config="true" signature="Setup()[pri:0, instance:test.LoginPageTest@1283bb96]" started-at="2023-06-19T17:24:03 IST" name="Setup" finished-at="2023-06-19T17:24:06 IST" duration-ms="3260" status="PASS">
          <reporter-output>
          </reporter-output>
        </test-method> <!-- Setup -->
        <test-method signature="testLoginWithValidCreditals()[pri:2, instance:test.LoginPageTest@1283bb96]" started-at="2023-06-19T17:24:06 IST" name="testLoginWithValidCreditals" finished-at="2023-06-19T17:24:07 IST" duration-ms="828" status="PASS">
          <reporter-output>
          </reporter-output>
        </test-method> <!-- testLoginWithValidCreditals -->
        <test-method is-config="true" signature="tearDown()[pri:0, instance:test.LoginPageTest@1283bb96]" started-at="2023-06-19T17:24:07 IST" name="tearDown" finished-at="2023-06-19T17:24:07 IST" duration-ms="539" status="PASS">
          <reporter-output>
          </reporter-output>
        </test-method> <!-- tearDown -->
      </class> <!-- test.LoginPageTest -->
    </test> <!-- Para Bank Test Cases -->
  </suite> <!-- Wingify Application Automation Assignment Test Suite -->
</testng-results>
