<?xml version="1.0" encoding="UTF-8"?>
<testng-results ignored="9" total="10" passed="1" failed="0" skipped="0">
  <reporter-output>
  </reporter-output>
  <suite started-at="2023-06-19T16:47:15 IST" name="Default suite" finished-at="2023-06-19T16:47:25 IST" duration-ms="9772">
    <groups>
    </groups>
    <test started-at="2023-06-19T16:47:15 IST" name="Default test" finished-at="2023-06-19T16:47:25 IST" duration-ms="9772">
      <class name="test.LoginPageTest">
        <test-method is-config="true" signature="Setup()[pri:0, instance:test.LoginPageTest@6d763516]" started-at="2023-06-19T16:47:15 IST" name="Setup" finished-at="2023-06-19T16:47:24 IST" duration-ms="8966" status="PASS">
          <reporter-output>
          </reporter-output>
        </test-method> <!-- Setup -->
        <test-method signature="testLoginPageLogo()[pri:1, instance:test.LoginPageTest@6d763516]" started-at="2023-06-19T16:47:24 IST" name="testLoginPageLogo" finished-at="2023-06-19T16:47:25 IST" duration-ms="189" status="PASS">
          <reporter-output>
          </reporter-output>
        </test-method> <!-- testLoginPageLogo -->
        <test-method is-config="true" signature="tearDown()[pri:0, instance:test.LoginPageTest@6d763516]" started-at="2023-06-19T16:47:25 IST" name="tearDown" finished-at="2023-06-19T16:47:25 IST" duration-ms="536" status="PASS">
          <reporter-output>
          </reporter-output>
        </test-method> <!-- tearDown -->
      </class> <!-- test.LoginPageTest -->
    </test> <!-- Default test -->
  </suite> <!-- Default suite -->
</testng-results>
